<?xml version="1.0" encoding="UTF-8"?>
<testsuites name="BATool Test Suite" time="286" tests="1" failures="0" errors="0">
   <testsuite name="BATool Test Suite" tests="1" failures="0" errors="0" time="286" timestamp="2018-12-17 17:37:31" hostname="ananta.dave - CDAHMLPT056.cignexdatamatics.com" id="Test Suites/BATool Test Suite">
      <properties>
         <property name="deviceName" value=""/>
         <property name="devicePlatform" value=""/>
         <property name="logFolder" value="C:\\Users\\ananta.dave\\Katalon Studio\\BATool\\Reports\\BATool Test Suite\\20181217_173728"/>
         <property name="logFiles" value="C:\\Users\\ananta.dave\\Katalon Studio\\BATool\\Reports\\BATool Test Suite\\20181217_173728\\execution0.log"/>
         <property name="attachments" value=""/>
         <property name="hostName" value="ananta.dave - CDAHMLPT056.cignexdatamatics.com"/>
         <property name="os" value="Windows 10 64bit"/>
         <property name="katalonVersion" value="5.8.4.14"/>
         <property name="browser" value="Chrome 71.0.3578.80"/>
         <property name="hostAddress" value="192.168.101.161"/>
         <property name="sessionId" value="b89dcb4638eba71779e3b4a9df889968"/>
         <property name="seleniumVersion" value="3.7.1"/>
         <property name="proxyInformation" value="ProxyInformation{proxyOption=NO_PROXY, proxyServerType=HTTP, password=, proxyServerAddress=, proxyServerPort=0}"/>
         <property name="platform" value="Windows 10"/>
      </properties>
      <testcase name="Test Cases/CreateItemTF" classname="Test Cases/CreateItemTF" status="PASSED">
         <system-out><![CDATA[2018-12-17 17:37:31 - [TEST_CASE][PASSED] - Test Cases/CreateItemTF: Test Cases/CreateItemTF

2018-12-17 17:37:32 - [TEST_STEP][PASSED] - openBrowser: Browser is opened with url: ''

2018-12-17 17:37:37 - [MESSAGE][PASSED] - Browser is opened with url: ''

2018-12-17 17:37:37 - [TEST_STEP][PASSED] - navigateToUrl: Navigate to 'https://bat-qa.macmillan-learning.com/gateway/index.php' successfully

2018-12-17 17:37:40 - [MESSAGE][PASSED] - Navigate to 'https://bat-qa.macmillan-learning.com/gateway/index.php' successfully

2018-12-17 17:37:40 - [TEST_STEP][PASSED] - click: Object: 'Object Repository/Page_Lumina Datamatics/a_Click here' is clicked on

2018-12-17 17:37:44 - [MESSAGE][PASSED] - Object: 'Object Repository/Page_Lumina Datamatics/a_Click here' is clicked on

2018-12-17 17:37:44 - [TEST_STEP][PASSED] - setText: Text 'testuser' is set on object 'Object Repository/Page_Lumina Datamatics/input_User name_username'

2018-12-17 17:37:48 - [MESSAGE][PASSED] - Text 'testuser' is set on object 'Object Repository/Page_Lumina Datamatics/input_User name_username'

2018-12-17 17:37:48 - [TEST_STEP][PASSED] - setEncryptedText: Text ****** has been set on object 'Object Repository/Page_Lumina Datamatics/input_Password_password'

2018-12-17 17:37:51 - [MESSAGE][PASSED] - Text ****** has been set on object 'Object Repository/Page_Lumina Datamatics/input_Password_password'

2018-12-17 17:37:51 - [TEST_STEP][PASSED] - click: Object: 'Object Repository/Page_Lumina Datamatics/input_Password_submitButton' is clicked on

2018-12-17 17:37:59 - [MESSAGE][PASSED] - Object: 'Object Repository/Page_Lumina Datamatics/input_Password_submitButton' is clicked on

2018-12-17 17:37:59 - [TEST_STEP][PASSED] - click: Object: 'Object Repository/Page_Common Gateway/a_Bulk Authoring Tool' is clicked on

2018-12-17 17:38:21 - [MESSAGE][PASSED] - Object: 'Object Repository/Page_Common Gateway/a_Bulk Authoring Tool' is clicked on

2018-12-17 17:38:21 - [TEST_STEP][PASSED] - click: Object: 'Object Repository/Page_Bulk Authoring Tool/a_Operations' is clicked on

2018-12-17 17:38:23 - [MESSAGE][PASSED] - Object: 'Object Repository/Page_Bulk Authoring Tool/a_Operations' is clicked on

2018-12-17 17:38:23 - [TEST_STEP][PASSED] - click: Object: 'Object Repository/Page_Bulk Authoring Tool/a_Create a new item' is clicked on

2018-12-17 17:38:26 - [MESSAGE][PASSED] - Object: 'Object Repository/Page_Bulk Authoring Tool/a_Create a new item' is clicked on

2018-12-17 17:38:26 - [TEST_STEP][PASSED] - click: Object: 'Object Repository/Page_Bulk Authoring Tool/a_True or False' is clicked on

2018-12-17 17:38:30 - [MESSAGE][PASSED] - Object: 'Object Repository/Page_Bulk Authoring Tool/a_True or False' is clicked on

2018-12-17 17:38:30 - [TEST_STEP][PASSED] - selectOptionByLabel: All options with label 'AD Automation added_9' are selected in object 'Object Repository/Page_Bulk Authoring Tool/select_Select ProductLehninger'  using regular expression

2018-12-17 17:39:58 - [MESSAGE][PASSED] - All options with label 'AD Automation added_9' are selected in object 'Object Repository/Page_Bulk Authoring Tool/select_Select ProductLehninger'  using regular expression

2018-12-17 17:39:58 - [TEST_STEP][PASSED] - selectOptionByLabel: All options with label 'Chapter added automation_9' are selected in object 'Object Repository/Page_Bulk Authoring Tool/select_Select ChapterChapter A'  using regular expression

2018-12-17 17:40:10 - [MESSAGE][PASSED] - All options with label 'Chapter added automation_9' are selected in object 'Object Repository/Page_Bulk Authoring Tool/select_Select ChapterChapter A'  using regular expression

2018-12-17 17:40:10 - [TEST_STEP][PASSED] - setText: Text 'TF Automation added1' is set on object 'Object Repository/Page_Bulk Authoring Tool/input_Title_title'

2018-12-17 17:40:14 - [MESSAGE][PASSED] - Text 'TF Automation added1' is set on object 'Object Repository/Page_Bulk Authoring Tool/input_Title_title'

2018-12-17 17:40:14 - [TEST_STEP][PASSED] - setText: Text 'Testhint' is set on object 'Object Repository/Page_Bulk Authoring Tool/input_Hint_hint'

2018-12-17 17:40:18 - [MESSAGE][PASSED] - Text 'Testhint' is set on object 'Object Repository/Page_Bulk Authoring Tool/input_Hint_hint'

2018-12-17 17:40:18 - [TEST_STEP][PASSED] - click: Object: 'Object Repository/Page_Bulk Authoring Tool/input_Hint_desctoo' is clicked on

2018-12-17 17:40:20 - [MESSAGE][PASSED] - Object: 'Object Repository/Page_Bulk Authoring Tool/input_Hint_desctoo' is clicked on

2018-12-17 17:40:20 - [TEST_STEP][PASSED] - click: Object: 'Object Repository/Page_Bulk Authoring Tool/input_Elements path_stemtoo' is clicked on

2018-12-17 17:40:22 - [MESSAGE][PASSED] - Object: 'Object Repository/Page_Bulk Authoring Tool/input_Elements path_stemtoo' is clicked on

2018-12-17 17:40:22 - [TEST_STEP][PASSED] - click: Object: 'Object Repository/Page_Bulk Authoring Tool/input_Elements path_mc_promptt' is clicked on

2018-12-17 17:40:25 - [MESSAGE][PASSED] - Object: 'Object Repository/Page_Bulk Authoring Tool/input_Elements path_mc_promptt' is clicked on

2018-12-17 17:40:25 - [TEST_STEP][PASSED] - setText: Text 'default feedback' is set on object 'Object Repository/Page_Bulk Authoring Tool/input_Default Feedback_default'

2018-12-17 17:40:29 - [MESSAGE][PASSED] - Text 'default feedback' is set on object 'Object Repository/Page_Bulk Authoring Tool/input_Default Feedback_default'

2018-12-17 17:40:29 - [TEST_STEP][PASSED] - click: Object: 'Object Repository/Page_Bulk Authoring Tool/input_YesNo_randomization' is clicked on

2018-12-17 17:40:31 - [MESSAGE][PASSED] - Object: 'Object Repository/Page_Bulk Authoring Tool/input_YesNo_randomization' is clicked on

2018-12-17 17:40:31 - [TEST_STEP][PASSED] - click: Object: 'Object Repository/Page_Bulk Authoring Tool/p' is clicked on

2018-12-17 17:40:33 - [MESSAGE][PASSED] - Object: 'Object Repository/Page_Bulk Authoring Tool/p' is clicked on

2018-12-17 17:40:33 - [TEST_STEP][PASSED] - setText: Text '<p style=""><ins class="ice-ins ice-cts" data-cid="2" data-userid="" data-username="" data-changedata="" data-time="1544531589758" data-last-change-time="1544531593317" style="">Feedback for True</ins><br></p>' is set on object 'Object Repository/Page_Bulk Authoring Tool/div_Feedback for True'

2018-12-17 17:40:39 - [MESSAGE][PASSED] - Text '<p style=""><ins class="ice-ins ice-cts" data-cid="2" data-userid="" data-username="" data-changedata="" data-time="1544531589758" data-last-change-time="1544531593317" style="">Feedback for True</ins><br></p>' is set on object 'Object Repository/Page_Bulk Authoring Tool/div_Feedback for True'

2018-12-17 17:40:39 - [TEST_STEP][PASSED] - click: Object: 'Object Repository/Page_Bulk Authoring Tool/input_False_correct_answer' is clicked on

2018-12-17 17:40:41 - [MESSAGE][PASSED] - Object: 'Object Repository/Page_Bulk Authoring Tool/input_False_correct_answer' is clicked on

2018-12-17 17:40:41 - [TEST_STEP][PASSED] - click: Object: 'Object Repository/Page_Bulk Authoring Tool/p_1' is clicked on

2018-12-17 17:40:43 - [MESSAGE][PASSED] - Object: 'Object Repository/Page_Bulk Authoring Tool/p_1' is clicked on

2018-12-17 17:40:43 - [TEST_STEP][PASSED] - setText: Text '<p style=""><ins class="ice-ins ice-cts" data-cid="2" data-userid="" data-username="" data-changedata="" data-time="1544531597762" data-last-change-time="1544531600410" style="">Feedback for false</ins><br></p>' is set on object 'Object Repository/Page_Bulk Authoring Tool/div_Feedback for false'

2018-12-17 17:40:49 - [MESSAGE][PASSED] - Text '<p style=""><ins class="ice-ins ice-cts" data-cid="2" data-userid="" data-username="" data-changedata="" data-time="1544531597762" data-last-change-time="1544531600410" style="">Feedback for false</ins><br></p>' is set on object 'Object Repository/Page_Bulk Authoring Tool/div_Feedback for false'

2018-12-17 17:40:49 - [TEST_STEP][PASSED] - setText: Text 'raptor123' is set on object 'Object Repository/Page_Bulk Authoring Tool/input_Raptor ID_raptor_id'

2018-12-17 17:40:53 - [MESSAGE][PASSED] - Text 'raptor123' is set on object 'Object Repository/Page_Bulk Authoring Tool/input_Raptor ID_raptor_id'

2018-12-17 17:40:53 - [TEST_STEP][PASSED] - selectOptionByValue: All options with value '1' are selected in object 'Object Repository/Page_Bulk Authoring Tool/select_-- Select one --Writer'  using regular expression

2018-12-17 17:41:12 - [MESSAGE][PASSED] - All options with value '1' are selected in object 'Object Repository/Page_Bulk Authoring Tool/select_-- Select one --Writer'  using regular expression

2018-12-17 17:41:12 - [TEST_STEP][PASSED] - click: Object: 'Object Repository/Page_Bulk Authoring Tool/input_Workflow stage_submit' is clicked on

2018-12-17 17:41:14 - [MESSAGE][PASSED] - Object: 'Object Repository/Page_Bulk Authoring Tool/input_Workflow stage_submit' is clicked on

2018-12-17 17:41:15 - [TEST_STEP][PASSED] - click: Object: 'Object Repository/Page_Bulk Authoring Tool/a_clicking here' is clicked on

2018-12-17 17:41:18 - [MESSAGE][PASSED] - Object: 'Object Repository/Page_Bulk Authoring Tool/a_clicking here' is clicked on

2018-12-17 17:41:18 - [TEST_STEP][PASSED] - click: Object: 'Object Repository/Page_Bulk Authoring Tool/input_ins_submit' is clicked on

2018-12-17 17:41:20 - [MESSAGE][PASSED] - Object: 'Object Repository/Page_Bulk Authoring Tool/input_ins_submit' is clicked on

2018-12-17 17:41:20 - [TEST_STEP][PASSED] - click: Object: 'Object Repository/Page_Bulk Authoring Tool/input_Elements path_submit' is clicked on

2018-12-17 17:41:23 - [MESSAGE][PASSED] - Object: 'Object Repository/Page_Bulk Authoring Tool/input_Elements path_submit' is clicked on

2018-12-17 17:41:23 - [TEST_STEP][PASSED] - click: Object: 'Object Repository/Page_Bulk Authoring Tool/input_ins_submit_1' is clicked on

2018-12-17 17:41:26 - [MESSAGE][PASSED] - Object: 'Object Repository/Page_Bulk Authoring Tool/input_ins_submit_1' is clicked on

2018-12-17 17:41:26 - [TEST_STEP][PASSED] - click: Object: 'Object Repository/Page_Bulk Authoring Tool/input_Elements path_submit' is clicked on

2018-12-17 17:41:28 - [MESSAGE][PASSED] - Object: 'Object Repository/Page_Bulk Authoring Tool/input_Elements path_submit' is clicked on

2018-12-17 17:41:28 - [TEST_STEP][PASSED] - click: Object: 'Object Repository/Page_Bulk Authoring Tool/input_ins_submit_2' is clicked on

2018-12-17 17:41:31 - [MESSAGE][PASSED] - Object: 'Object Repository/Page_Bulk Authoring Tool/input_ins_submit_2' is clicked on

2018-12-17 17:41:31 - [TEST_STEP][PASSED] - click: Object: 'Object Repository/Page_Bulk Authoring Tool/input_Elements path_submit' is clicked on

2018-12-17 17:41:33 - [MESSAGE][PASSED] - Object: 'Object Repository/Page_Bulk Authoring Tool/input_Elements path_submit' is clicked on

2018-12-17 17:41:33 - [TEST_STEP][PASSED] - click: Object: 'Object Repository/Page_Bulk Authoring Tool/a_Try it' is clicked on

2018-12-17 17:41:36 - [MESSAGE][PASSED] - Object: 'Object Repository/Page_Bulk Authoring Tool/a_Try it' is clicked on

2018-12-17 17:41:36 - [TEST_STEP][PASSED] - switchToWindowTitle: Switched to window with title: 'Bulk Authoring Tool'

2018-12-17 17:41:39 - [MESSAGE][PASSED] - Switched to window with title: 'Bulk Authoring Tool'

2018-12-17 17:41:39 - [TEST_STEP][PASSED] - switchToWindowIndex: Switched to window with index: '1'

2018-12-17 17:41:41 - [MESSAGE][PASSED] - Switched to window with index: '1'

2018-12-17 17:41:41 - [TEST_STEP][PASSED] - click: Object: 'Object Repository/Page_Bulk Authoring Tool/input_True_response_value' is clicked on

2018-12-17 17:41:44 - [MESSAGE][PASSED] - Object: 'Object Repository/Page_Bulk Authoring Tool/input_True_response_value' is clicked on

2018-12-17 17:41:44 - [TEST_STEP][PASSED] - click: Object: 'Object Repository/Page_Bulk Authoring Tool/button_Hint' is clicked on

2018-12-17 17:41:46 - [MESSAGE][PASSED] - Object: 'Object Repository/Page_Bulk Authoring Tool/button_Hint' is clicked on

2018-12-17 17:41:46 - [TEST_STEP][PASSED] - click: Object: 'Object Repository/Page_Bulk Authoring Tool/input_Testhint_submit' is clicked on

2018-12-17 17:41:49 - [MESSAGE][PASSED] - Object: 'Object Repository/Page_Bulk Authoring Tool/input_Testhint_submit' is clicked on

2018-12-17 17:41:49 - [TEST_STEP][PASSED] - rightClick: Object: 'Object Repository/Page_Bulk Authoring Tool/h3_Correct Answer' is right clicked on

2018-12-17 17:41:54 - [MESSAGE][PASSED] - Object: 'Object Repository/Page_Bulk Authoring Tool/h3_Correct Answer' is right clicked on

2018-12-17 17:41:54 - [TEST_STEP][PASSED] - click: Object: 'Object Repository/Page_Bulk Authoring Tool/button_Close' is clicked on

2018-12-17 17:41:56 - [MESSAGE][PASSED] - Object: 'Object Repository/Page_Bulk Authoring Tool/button_Close' is clicked on

2018-12-17 17:41:56 - [TEST_STEP][PASSED] - switchToWindowTitle: Switched to window with title: 'Bulk Authoring Tool'

2018-12-17 17:41:59 - [MESSAGE][PASSED] - Switched to window with title: 'Bulk Authoring Tool'

2018-12-17 17:41:59 - [TEST_STEP][PASSED] - click: Object: 'Object Repository/Page_Bulk Authoring Tool/a_Item list' is clicked on

2018-12-17 17:42:03 - [MESSAGE][PASSED] - Object: 'Object Repository/Page_Bulk Authoring Tool/a_Item list' is clicked on

2018-12-17 17:42:03 - [TEST_STEP][PASSED] - setText: Text 'TF Automation added1' is set on object 'Object Repository/Page_Bulk Authoring Tool/input_Toggle Dropdown_form-con'

2018-12-17 17:42:08 - [MESSAGE][PASSED] - Text 'TF Automation added1' is set on object 'Object Repository/Page_Bulk Authoring Tool/input_Toggle Dropdown_form-con'

2018-12-17 17:42:08 - [TEST_STEP][PASSED] - click: Object: 'Object Repository/Page_Bulk Authoring Tool/path' is clicked on

2018-12-17 17:42:10 - [MESSAGE][PASSED] - Object: 'Object Repository/Page_Bulk Authoring Tool/path' is clicked on

2018-12-17 17:42:10 - [TEST_STEP][PASSED] - click: Object: 'Object Repository/Page_Bulk Authoring Tool/a_Delete' is clicked on

2018-12-17 17:42:13 - [MESSAGE][PASSED] - Object: 'Object Repository/Page_Bulk Authoring Tool/a_Delete' is clicked on

2018-12-17 17:42:13 - [TEST_STEP][PASSED] - click: Object: 'Object Repository/Page_Bulk Authoring Tool/span_Downloads_caret' is clicked on

2018-12-17 17:42:15 - [MESSAGE][PASSED] - Object: 'Object Repository/Page_Bulk Authoring Tool/span_Downloads_caret' is clicked on]]></system-out>
         <system-err><![CDATA[]]></system-err>
      </testcase>
      <system-out><![CDATA[2018-12-17 17:37:31 - [TEST_SUITE][PASSED] - BATool Test Suite: Test Cases/CreateItemTF]]></system-out>
      <system-err><![CDATA[]]></system-err>
   </testsuite>
</testsuites>
