<?xml version="1.0" encoding="UTF-8"?>
<testsuites name="BATool Test Suite" time="243" tests="1" failures="0" errors="0">
   <testsuite name="BATool Test Suite" tests="1" failures="0" errors="0" time="243" timestamp="2018-12-10 13:05:56" hostname="ananta.dave - CDAHMLPT056.cignexdatamatics.com" id="Test Suites/BATool Test Suite">
      <properties>
         <property name="deviceName" value=""/>
         <property name="devicePlatform" value=""/>
         <property name="logFolder" value="C:\\Users\\ananta.dave\\Katalon Studio\\BATool\\Reports\\BATool Test Suite\\20181210_130553"/>
         <property name="logFiles" value="C:\\Users\\ananta.dave\\Katalon Studio\\BATool\\Reports\\BATool Test Suite\\20181210_130553\\execution0.log"/>
         <property name="attachments" value=""/>
         <property name="hostName" value="ananta.dave - CDAHMLPT056.cignexdatamatics.com"/>
         <property name="os" value="Windows 10 64bit"/>
         <property name="katalonVersion" value="5.8.4.14"/>
         <property name="browser" value="Chrome 70.0.3538.102"/>
         <property name="hostAddress" value="192.168.10.208"/>
         <property name="sessionId" value="0d277cf20f88b185e0963ec4a5ca2a3f"/>
         <property name="seleniumVersion" value="3.7.1"/>
         <property name="proxyInformation" value="ProxyInformation{proxyOption=NO_PROXY, proxyServerType=HTTP, password=, proxyServerAddress=, proxyServerPort=0}"/>
         <property name="platform" value="Windows 10"/>
      </properties>
      <testcase name="Test Cases/EditChapterDeactiveChapter" classname="Test Cases/EditChapterDeactiveChapter" status="PASSED">
         <system-out><![CDATA[2018-12-10 13:05:56 - [TEST_CASE][PASSED] - Test Cases/EditChapterDeactiveChapter: Test Cases/EditChapterDeactiveChapter

2018-12-10 13:05:57 - [TEST_STEP][PASSED] - openBrowser: Browser is opened with url: ''

2018-12-10 13:06:02 - [MESSAGE][PASSED] - Browser is opened with url: ''

2018-12-10 13:06:02 - [TEST_STEP][PASSED] - navigateToUrl: Navigate to 'https://bat-qa.macmillan-learning.com/gateway/index.php' successfully

2018-12-10 13:06:05 - [MESSAGE][PASSED] - Navigate to 'https://bat-qa.macmillan-learning.com/gateway/index.php' successfully

2018-12-10 13:06:05 - [TEST_STEP][PASSED] - click: Object: 'Object Repository/Page_Lumina Datamatics/a_Click here' is clicked on

2018-12-10 13:06:09 - [MESSAGE][PASSED] - Object: 'Object Repository/Page_Lumina Datamatics/a_Click here' is clicked on

2018-12-10 13:06:09 - [TEST_STEP][PASSED] - setText: Text 'testuser' is set on object 'Object Repository/Page_Lumina Datamatics/input_User name_username'

2018-12-10 13:06:13 - [MESSAGE][PASSED] - Text 'testuser' is set on object 'Object Repository/Page_Lumina Datamatics/input_User name_username'

2018-12-10 13:06:13 - [TEST_STEP][PASSED] - setEncryptedText: Text ****** has been set on object 'Object Repository/Page_Lumina Datamatics/input_Password_password'

2018-12-10 13:06:17 - [MESSAGE][PASSED] - Text ****** has been set on object 'Object Repository/Page_Lumina Datamatics/input_Password_password'

2018-12-10 13:06:17 - [TEST_STEP][PASSED] - click: Object: 'Object Repository/Page_Lumina Datamatics/input_Password_submitButton' is clicked on

2018-12-10 13:06:25 - [MESSAGE][PASSED] - Object: 'Object Repository/Page_Lumina Datamatics/input_Password_submitButton' is clicked on

2018-12-10 13:06:25 - [TEST_STEP][PASSED] - click: Object: 'Object Repository/Page_Common Gateway/a_QTI Authoring' is clicked on

2018-12-10 13:06:52 - [MESSAGE][PASSED] - Object: 'Object Repository/Page_Common Gateway/a_QTI Authoring' is clicked on

2018-12-10 13:06:52 - [TEST_STEP][PASSED] - click: Object: 'Object Repository/Page_Bulk Authoring Tool/span_Toggle navigation_caret' is clicked on

2018-12-10 13:06:54 - [MESSAGE][PASSED] - Object: 'Object Repository/Page_Bulk Authoring Tool/span_Toggle navigation_caret' is clicked on

2018-12-10 13:06:54 - [TEST_STEP][PASSED] - click: Object: 'Object Repository/Page_Bulk Authoring Tool/a_Modify or deactivate chapter' is clicked on

2018-12-10 13:06:58 - [MESSAGE][PASSED] - Object: 'Object Repository/Page_Bulk Authoring Tool/a_Modify or deactivate chapter' is clicked on

2018-12-10 13:06:58 - [TEST_STEP][PASSED] - selectOptionByLabel: All options with label 'AD Automation added_8' are selected in object 'Object Repository/Page_Bulk Authoring Tool/select_205 testAbnormal Psycho'  using regular expression

2018-12-10 13:07:42 - [MESSAGE][PASSED] - All options with label 'AD Automation added_8' are selected in object 'Object Repository/Page_Bulk Authoring Tool/select_205 testAbnormal Psycho'  using regular expression

2018-12-10 13:07:42 - [TEST_STEP][PASSED] - click: Object: 'Object Repository/Page_Bulk Authoring Tool/input_Select product_submit' is clicked on

2018-12-10 13:07:45 - [MESSAGE][PASSED] - Object: 'Object Repository/Page_Bulk Authoring Tool/input_Select product_submit' is clicked on

2018-12-10 13:07:45 - [TEST_STEP][PASSED] - click: Object: 'Object Repository/Page_Bulk Authoring Tool/a_Modify' is clicked on

2018-12-10 13:07:48 - [MESSAGE][PASSED] - Object: 'Object Repository/Page_Bulk Authoring Tool/a_Modify' is clicked on

2018-12-10 13:07:48 - [TEST_STEP][PASSED] - setText: Text 'Chapter added automation_6 updated' is set on object 'Object Repository/Page_Bulk Authoring Tool/input__chap_name'

2018-12-10 13:07:52 - [MESSAGE][PASSED] - Text 'Chapter added automation_6 updated' is set on object 'Object Repository/Page_Bulk Authoring Tool/input__chap_name'

2018-12-10 13:07:52 - [TEST_STEP][PASSED] - click: Object: 'Object Repository/Page_Bulk Authoring Tool/input_max. 100 alpha-numericsp' is clicked on

2018-12-10 13:07:55 - [MESSAGE][PASSED] - Object: 'Object Repository/Page_Bulk Authoring Tool/input_max. 100 alpha-numericsp' is clicked on

2018-12-10 13:07:55 - [TEST_STEP][PASSED] - rightClick: Object: 'Object Repository/Page_Bulk Authoring Tool/strong_Action Successfull' is right clicked on

2018-12-10 13:08:00 - [MESSAGE][PASSED] - Object: 'Object Repository/Page_Bulk Authoring Tool/strong_Action Successfull' is right clicked on

2018-12-10 13:08:00 - [TEST_STEP][PASSED] - click: Object: 'Object Repository/Page_Bulk Authoring Tool/strong_Action Successfull' is clicked on

2018-12-10 13:08:02 - [MESSAGE][PASSED] - Object: 'Object Repository/Page_Bulk Authoring Tool/strong_Action Successfull' is clicked on

2018-12-10 13:08:02 - [TEST_STEP][PASSED] - click: Object: 'Object Repository/Page_Bulk Authoring Tool/a_Modify Chapter' is clicked on

2018-12-10 13:08:05 - [MESSAGE][PASSED] - Object: 'Object Repository/Page_Bulk Authoring Tool/a_Modify Chapter' is clicked on

2018-12-10 13:08:05 - [TEST_STEP][PASSED] - selectOptionByLabel: All options with label 'AD Automation added_8' are selected in object 'Object Repository/Page_Bulk Authoring Tool/select_205 testAbnormal Psycho'  using regular expression

2018-12-10 13:08:49 - [MESSAGE][PASSED] - All options with label 'AD Automation added_8' are selected in object 'Object Repository/Page_Bulk Authoring Tool/select_205 testAbnormal Psycho'  using regular expression

2018-12-10 13:08:49 - [TEST_STEP][PASSED] - click: Object: 'Object Repository/Page_Bulk Authoring Tool/input_Select product_submit' is clicked on

2018-12-10 13:08:52 - [MESSAGE][PASSED] - Object: 'Object Repository/Page_Bulk Authoring Tool/input_Select product_submit' is clicked on

2018-12-10 13:08:52 - [TEST_STEP][PASSED] - click: Object: 'Object Repository/Page_Bulk Authoring Tool/a_Deactivate' is clicked on

2018-12-10 13:08:55 - [MESSAGE][PASSED] - Object: 'Object Repository/Page_Bulk Authoring Tool/a_Deactivate' is clicked on

2018-12-10 13:08:55 - [TEST_STEP][PASSED] - click: Object: 'Object Repository/Page_Bulk Authoring Tool/a_Click here' is clicked on

2018-12-10 13:08:57 - [MESSAGE][PASSED] - Object: 'Object Repository/Page_Bulk Authoring Tool/a_Click here' is clicked on

2018-12-10 13:08:57 - [TEST_STEP][PASSED] - selectOptionByLabel: All options with label 'AD Automation added_8' are selected in object 'Object Repository/Page_Bulk Authoring Tool/select_205 testAbnormal Psycho'  using regular expression

2018-12-10 13:09:41 - [MESSAGE][PASSED] - All options with label 'AD Automation added_8' are selected in object 'Object Repository/Page_Bulk Authoring Tool/select_205 testAbnormal Psycho'  using regular expression

2018-12-10 13:09:41 - [TEST_STEP][PASSED] - click: Object: 'Object Repository/Page_Bulk Authoring Tool/input_Select product_submit' is clicked on

2018-12-10 13:09:44 - [MESSAGE][PASSED] - Object: 'Object Repository/Page_Bulk Authoring Tool/input_Select product_submit' is clicked on

2018-12-10 13:09:44 - [TEST_STEP][PASSED] - rightClick: Object: 'Object Repository/Page_Bulk Authoring Tool/a_Activate' is right clicked on

2018-12-10 13:09:49 - [MESSAGE][PASSED] - Object: 'Object Repository/Page_Bulk Authoring Tool/a_Activate' is right clicked on

2018-12-10 13:09:49 - [TEST_STEP][PASSED] - click: Object: 'Object Repository/Page_Bulk Authoring Tool/td_Modify' is clicked on

2018-12-10 13:09:52 - [MESSAGE][PASSED] - Object: 'Object Repository/Page_Bulk Authoring Tool/td_Modify' is clicked on

2018-12-10 13:09:52 - [TEST_STEP][PASSED] - click: Object: 'Object Repository/Page_Bulk Authoring Tool/a_Test User' is clicked on

2018-12-10 13:09:54 - [MESSAGE][PASSED] - Object: 'Object Repository/Page_Bulk Authoring Tool/a_Test User' is clicked on

2018-12-10 13:09:54 - [TEST_STEP][PASSED] - click: Object: 'Object Repository/Page_Bulk Authoring Tool/a_Logout' is clicked on

2018-12-10 13:09:57 - [MESSAGE][PASSED] - Object: 'Object Repository/Page_Bulk Authoring Tool/a_Logout' is clicked on

2018-12-10 13:09:57 - [TEST_STEP][PASSED] - closeBrowser: Browser is closed

2018-12-10 13:09:59 - [MESSAGE][PASSED] - Browser is closed]]></system-out>
         <system-err><![CDATA[]]></system-err>
      </testcase>
      <system-out><![CDATA[2018-12-10 13:05:56 - [TEST_SUITE][PASSED] - BATool Test Suite: Test Cases/EditChapterDeactiveChapter]]></system-out>
      <system-err><![CDATA[]]></system-err>
   </testsuite>
</testsuites>
