<?xml version="1.0" encoding="UTF-8"?>
<testsuites name="BATool Test Suite" time="184" tests="1" failures="0" errors="0">
   <testsuite name="BATool Test Suite" tests="1" failures="0" errors="0" time="184" timestamp="2018-12-10 13:47:33" hostname="ananta.dave - CDAHMLPT056.cignexdatamatics.com" id="Test Suites/BATool Test Suite">
      <properties>
         <property name="deviceName" value=""/>
         <property name="devicePlatform" value=""/>
         <property name="logFolder" value="C:\\Users\\ananta.dave\\Katalon Studio\\BATool\\Reports\\BATool Test Suite\\20181210_134731"/>
         <property name="logFiles" value="C:\\Users\\ananta.dave\\Katalon Studio\\BATool\\Reports\\BATool Test Suite\\20181210_134731\\execution0.log"/>
         <property name="attachments" value=""/>
         <property name="hostName" value="ananta.dave - CDAHMLPT056.cignexdatamatics.com"/>
         <property name="os" value="Windows 10 64bit"/>
         <property name="katalonVersion" value="5.8.4.14"/>
         <property name="browser" value="Chrome 70.0.3538.102"/>
         <property name="hostAddress" value="192.168.10.208"/>
         <property name="sessionId" value="0a1ac7a424ce6757ca103f100a972262"/>
         <property name="seleniumVersion" value="3.7.1"/>
         <property name="proxyInformation" value="ProxyInformation{proxyOption=NO_PROXY, proxyServerType=HTTP, password=, proxyServerAddress=, proxyServerPort=0}"/>
         <property name="platform" value="Windows 10"/>
      </properties>
      <testcase name="Test Cases/CreateItemFB" classname="Test Cases/CreateItemFB" status="PASSED">
         <system-out><![CDATA[2018-12-10 13:47:34 - [TEST_CASE][PASSED] - Test Cases/CreateItemFB: Test Cases/CreateItemFB

2018-12-10 13:47:34 - [TEST_STEP][PASSED] - openBrowser: Browser is opened with url: ''

2018-12-10 13:47:40 - [MESSAGE][PASSED] - Browser is opened with url: ''

2018-12-10 13:47:40 - [TEST_STEP][PASSED] - navigateToUrl: Navigate to 'https://bat-qa.macmillan-learning.com/gateway/index.php' successfully

2018-12-10 13:47:42 - [MESSAGE][PASSED] - Navigate to 'https://bat-qa.macmillan-learning.com/gateway/index.php' successfully

2018-12-10 13:47:42 - [TEST_STEP][PASSED] - click: Object: 'Object Repository/Page_Lumina Datamatics/a_Click here' is clicked on

2018-12-10 13:47:46 - [MESSAGE][PASSED] - Object: 'Object Repository/Page_Lumina Datamatics/a_Click here' is clicked on

2018-12-10 13:47:46 - [TEST_STEP][PASSED] - setText: Text 'testuser' is set on object 'Object Repository/Page_Lumina Datamatics/input_User name_username'

2018-12-10 13:47:50 - [MESSAGE][PASSED] - Text 'testuser' is set on object 'Object Repository/Page_Lumina Datamatics/input_User name_username'

2018-12-10 13:47:50 - [TEST_STEP][PASSED] - setEncryptedText: Text ****** has been set on object 'Object Repository/Page_Lumina Datamatics/input_Password_password'

2018-12-10 13:47:53 - [MESSAGE][PASSED] - Text ****** has been set on object 'Object Repository/Page_Lumina Datamatics/input_Password_password'

2018-12-10 13:47:53 - [TEST_STEP][PASSED] - click: Object: 'Object Repository/Page_Lumina Datamatics/input_Password_submitButton' is clicked on

2018-12-10 13:48:02 - [MESSAGE][PASSED] - Object: 'Object Repository/Page_Lumina Datamatics/input_Password_submitButton' is clicked on

2018-12-10 13:48:02 - [TEST_STEP][PASSED] - click: Object: 'Object Repository/Page_Common Gateway/a_QTI Authoring' is clicked on

2018-12-10 13:48:26 - [MESSAGE][PASSED] - Object: 'Object Repository/Page_Common Gateway/a_QTI Authoring' is clicked on

2018-12-10 13:48:26 - [TEST_STEP][PASSED] - click: Object: 'Object Repository/Page_Bulk Authoring Tool/span_Toggle navigation_caret' is clicked on

2018-12-10 13:48:28 - [MESSAGE][PASSED] - Object: 'Object Repository/Page_Bulk Authoring Tool/span_Toggle navigation_caret' is clicked on

2018-12-10 13:48:28 - [TEST_STEP][PASSED] - click: Object: 'Object Repository/Page_Bulk Authoring Tool/a_Create a new item' is clicked on

2018-12-10 13:48:30 - [MESSAGE][PASSED] - Object: 'Object Repository/Page_Bulk Authoring Tool/a_Create a new item' is clicked on

2018-12-10 13:48:30 - [TEST_STEP][PASSED] - click: Object: 'Object Repository/Page_Bulk Authoring Tool/a_Fill in the blank' is clicked on

2018-12-10 13:48:36 - [MESSAGE][PASSED] - Object: 'Object Repository/Page_Bulk Authoring Tool/a_Fill in the blank' is clicked on

2018-12-10 13:48:36 - [TEST_STEP][PASSED] - setText: Text 'FB Automation added1' is set on object 'Object Repository/Page_Bulk Authoring Tool/input_Title_title'

2018-12-10 13:48:41 - [MESSAGE][PASSED] - Text 'FB Automation added1' is set on object 'Object Repository/Page_Bulk Authoring Tool/input_Title_title'

2018-12-10 13:48:41 - [TEST_STEP][PASSED] - setText: Text 'F B hint' is set on object 'Object Repository/Page_Bulk Authoring Tool/input_Hint_hint'

2018-12-10 13:48:45 - [MESSAGE][PASSED] - Text 'F B hint' is set on object 'Object Repository/Page_Bulk Authoring Tool/input_Hint_hint'

2018-12-10 13:48:45 - [TEST_STEP][PASSED] - click: Object: 'Object Repository/Page_Bulk Authoring Tool/input_Hint_desctoo' is clicked on

2018-12-10 13:48:47 - [MESSAGE][PASSED] - Object: 'Object Repository/Page_Bulk Authoring Tool/input_Hint_desctoo' is clicked on

2018-12-10 13:48:47 - [TEST_STEP][PASSED] - click: Object: 'Object Repository/Page_Bulk Authoring Tool/input_Elements path_stemtoo' is clicked on

2018-12-10 13:48:50 - [MESSAGE][PASSED] - Object: 'Object Repository/Page_Bulk Authoring Tool/input_Elements path_stemtoo' is clicked on

2018-12-10 13:48:50 - [TEST_STEP][PASSED] - click: Object: 'Object Repository/Page_Bulk Authoring Tool/input_Elements path_mc_promptt' is clicked on

2018-12-10 13:48:52 - [MESSAGE][PASSED] - Object: 'Object Repository/Page_Bulk Authoring Tool/input_Elements path_mc_promptt' is clicked on

2018-12-10 13:48:52 - [TEST_STEP][PASSED] - setText: Text 'default feedback FB' is set on object 'Object Repository/Page_Bulk Authoring Tool/input_Default Feedback_default'

2018-12-10 13:48:56 - [MESSAGE][PASSED] - Text 'default feedback FB' is set on object 'Object Repository/Page_Bulk Authoring Tool/input_Default Feedback_default'

2018-12-10 13:48:56 - [TEST_STEP][PASSED] - setText: Text '<p style="outline: rgb(255, 0, 0) solid 2px;"><ins class="ice-ins ice-cts" data-cid="2" data-userid="" data-username="" data-changedata="" data-time="1544010177091" data-last-change-time="1544010178453">Ans1</ins><br></p>' is set on object 'Object Repository/Page_Bulk Authoring Tool/div_Ans1'

2018-12-10 13:49:02 - [MESSAGE][PASSED] - Text '<p style="outline: rgb(255, 0, 0) solid 2px;"><ins class="ice-ins ice-cts" data-cid="2" data-userid="" data-username="" data-changedata="" data-time="1544010177091" data-last-change-time="1544010178453">Ans1</ins><br></p>' is set on object 'Object Repository/Page_Bulk Authoring Tool/div_Ans1'

2018-12-10 13:49:02 - [TEST_STEP][PASSED] - setText: Text '<p style=""><ins class="ice-ins ice-cts" data-cid="2" data-userid="" data-username="" data-changedata="" data-time="1544010179960" data-last-change-time="1544010180818">Ans2</ins><br></p>' is set on object 'Object Repository/Page_Bulk Authoring Tool/div_Ans2'

2018-12-10 13:49:07 - [MESSAGE][PASSED] - Text '<p style=""><ins class="ice-ins ice-cts" data-cid="2" data-userid="" data-username="" data-changedata="" data-time="1544010179960" data-last-change-time="1544010180818">Ans2</ins><br></p>' is set on object 'Object Repository/Page_Bulk Authoring Tool/div_Ans2'

2018-12-10 13:49:07 - [TEST_STEP][PASSED] - setText: Text '<p style=""><ins class="ice-ins ice-cts" data-cid="2" data-userid="" data-username="" data-changedata="" data-time="1544010184795" data-last-change-time="1544010185909">Ans3</ins><br></p>' is set on object 'Object Repository/Page_Bulk Authoring Tool/div_Ans3'

2018-12-10 13:49:13 - [MESSAGE][PASSED] - Text '<p style=""><ins class="ice-ins ice-cts" data-cid="2" data-userid="" data-username="" data-changedata="" data-time="1544010184795" data-last-change-time="1544010185909">Ans3</ins><br></p>' is set on object 'Object Repository/Page_Bulk Authoring Tool/div_Ans3'

2018-12-10 13:49:13 - [TEST_STEP][PASSED] - setText: Text 'raptor123' is set on object 'Object Repository/Page_Bulk Authoring Tool/input_Raptor ID_raptor_id'

2018-12-10 13:49:17 - [MESSAGE][PASSED] - Text 'raptor123' is set on object 'Object Repository/Page_Bulk Authoring Tool/input_Raptor ID_raptor_id'

2018-12-10 13:49:17 - [TEST_STEP][PASSED] - selectOptionByValue: All options with value '1' are selected in object 'Object Repository/Page_Bulk Authoring Tool/select_-- Select one --Writer'  using regular expression

2018-12-10 13:49:37 - [MESSAGE][PASSED] - All options with value '1' are selected in object 'Object Repository/Page_Bulk Authoring Tool/select_-- Select one --Writer'  using regular expression

2018-12-10 13:49:37 - [TEST_STEP][PASSED] - click: Object: 'Object Repository/Page_Bulk Authoring Tool/input_Workflow stage_submit' is clicked on

2018-12-10 13:49:40 - [MESSAGE][PASSED] - Object: 'Object Repository/Page_Bulk Authoring Tool/input_Workflow stage_submit' is clicked on

2018-12-10 13:49:40 - [TEST_STEP][PASSED] - click: Object: 'Object Repository/Page_Bulk Authoring Tool/a_clicking here' is clicked on

2018-12-10 13:49:43 - [MESSAGE][PASSED] - Object: 'Object Repository/Page_Bulk Authoring Tool/a_clicking here' is clicked on

2018-12-10 13:49:43 - [TEST_STEP][PASSED] - click: Object: 'Object Repository/Page_Bulk Authoring Tool/input_ins_submit' is clicked on

2018-12-10 13:49:46 - [MESSAGE][PASSED] - Object: 'Object Repository/Page_Bulk Authoring Tool/input_ins_submit' is clicked on

2018-12-10 13:49:46 - [TEST_STEP][PASSED] - click: Object: 'Object Repository/Page_Bulk Authoring Tool/input_Elements path_submit' is clicked on

2018-12-10 13:49:49 - [MESSAGE][PASSED] - Object: 'Object Repository/Page_Bulk Authoring Tool/input_Elements path_submit' is clicked on

2018-12-10 13:49:49 - [TEST_STEP][PASSED] - click: Object: 'Object Repository/Page_Bulk Authoring Tool/input_ins_submit_1' is clicked on

2018-12-10 13:49:52 - [MESSAGE][PASSED] - Object: 'Object Repository/Page_Bulk Authoring Tool/input_ins_submit_1' is clicked on

2018-12-10 13:49:52 - [TEST_STEP][PASSED] - click: Object: 'Object Repository/Page_Bulk Authoring Tool/input_Elements path_submit' is clicked on

2018-12-10 13:49:54 - [MESSAGE][PASSED] - Object: 'Object Repository/Page_Bulk Authoring Tool/input_Elements path_submit' is clicked on

2018-12-10 13:49:54 - [TEST_STEP][PASSED] - click: Object: 'Object Repository/Page_Bulk Authoring Tool/input_ins_submit_2' is clicked on

2018-12-10 13:49:57 - [MESSAGE][PASSED] - Object: 'Object Repository/Page_Bulk Authoring Tool/input_ins_submit_2' is clicked on

2018-12-10 13:49:57 - [TEST_STEP][PASSED] - click: Object: 'Object Repository/Page_Bulk Authoring Tool/input_Elements path_submit' is clicked on

2018-12-10 13:50:00 - [MESSAGE][PASSED] - Object: 'Object Repository/Page_Bulk Authoring Tool/input_Elements path_submit' is clicked on

2018-12-10 13:50:00 - [TEST_STEP][PASSED] - click: Object: 'Object Repository/Page_Bulk Authoring Tool/a_Try it' is clicked on

2018-12-10 13:50:02 - [MESSAGE][PASSED] - Object: 'Object Repository/Page_Bulk Authoring Tool/a_Try it' is clicked on

2018-12-10 13:50:02 - [TEST_STEP][PASSED] - switchToWindowTitle: Switched to window with title: 'Bulk Authoring Tool'

2018-12-10 13:50:05 - [MESSAGE][PASSED] - Switched to window with title: 'Bulk Authoring Tool'

2018-12-10 13:50:05 - [TEST_STEP][PASSED] - switchToWindowIndex: Switched to window with index: '1'

2018-12-10 13:50:07 - [MESSAGE][PASSED] - Switched to window with index: '1'

2018-12-10 13:50:07 - [TEST_STEP][PASSED] - click: Object: 'Object Repository/Page_Bulk Authoring Tool/button_Close' is clicked on

2018-12-10 13:50:10 - [MESSAGE][PASSED] - Object: 'Object Repository/Page_Bulk Authoring Tool/button_Close' is clicked on

2018-12-10 13:50:10 - [TEST_STEP][PASSED] - switchToWindowTitle: Switched to window with title: 'Bulk Authoring Tool'

2018-12-10 13:50:13 - [MESSAGE][PASSED] - Switched to window with title: 'Bulk Authoring Tool'

2018-12-10 13:50:13 - [TEST_STEP][PASSED] - click: Object: 'Object Repository/Page_Bulk Authoring Tool/a_Item list' is clicked on

2018-12-10 13:50:18 - [MESSAGE][PASSED] - Object: 'Object Repository/Page_Bulk Authoring Tool/a_Item list' is clicked on

2018-12-10 13:50:18 - [TEST_STEP][PASSED] - setText: Text 'FB Automation added1' is set on object 'Object Repository/Page_Bulk Authoring Tool/input_Toggle Dropdown_form-con'

2018-12-10 13:50:23 - [MESSAGE][PASSED] - Text 'FB Automation added1' is set on object 'Object Repository/Page_Bulk Authoring Tool/input_Toggle Dropdown_form-con'

2018-12-10 13:50:23 - [TEST_STEP][PASSED] - click: Object: 'Object Repository/Page_Bulk Authoring Tool/svg_Toggle Dropdown_svg-inline' is clicked on

2018-12-10 13:50:25 - [MESSAGE][PASSED] - Object: 'Object Repository/Page_Bulk Authoring Tool/svg_Toggle Dropdown_svg-inline' is clicked on

2018-12-10 13:50:25 - [TEST_STEP][PASSED] - click: Object: 'Object Repository/Page_Bulk Authoring Tool/a_Delete' is clicked on

2018-12-10 13:50:28 - [MESSAGE][PASSED] - Object: 'Object Repository/Page_Bulk Authoring Tool/a_Delete' is clicked on

2018-12-10 13:50:28 - [TEST_STEP][PASSED] - click: Object: 'Object Repository/Page_Bulk Authoring Tool/a_Test User' is clicked on

2018-12-10 13:50:30 - [MESSAGE][PASSED] - Object: 'Object Repository/Page_Bulk Authoring Tool/a_Test User' is clicked on

2018-12-10 13:50:30 - [TEST_STEP][PASSED] - click: Object: 'Object Repository/Page_Bulk Authoring Tool/a_Logout' is clicked on

2018-12-10 13:50:36 - [MESSAGE][PASSED] - Object: 'Object Repository/Page_Bulk Authoring Tool/a_Logout' is clicked on

2018-12-10 13:50:36 - [TEST_STEP][PASSED] - closeBrowser: Browser is closed

2018-12-10 13:50:38 - [MESSAGE][PASSED] - Browser is closed]]></system-out>
         <system-err><![CDATA[]]></system-err>
      </testcase>
      <system-out><![CDATA[2018-12-10 13:47:33 - [TEST_SUITE][PASSED] - BATool Test Suite: Test Cases/CreateItemFB]]></system-out>
      <system-err><![CDATA[]]></system-err>
   </testsuite>
</testsuites>
